#
# There is insufficient memory for the Java Runtime Environment to continue.
# Native memory allocation (mmap) failed to map 268435456 bytes for Failed to commit area from 0x0000000701400000 to 0x0000000711400000 of length 268435456.
# Possible reasons:
#   The system is out of physical RAM or swap space
#   The process is running with CompressedOops enabled, and the Java Heap may be blocking the growth of the native heap
# Possible solutions:
#   Reduce memory load on the system
#   Increase physical memory or swap space
#   Check if swap backing store is full
#   Decrease Java heap size (-Xmx/-Xms)
#   Decrease number of Java threads
#   Decrease Java thread stack sizes (-Xss)
#   Set larger code cache with -XX:ReservedCodeCacheSize=
# This output file may be truncated or incomplete.
#
#  Out of Memory Error (t:/workspace/open/src/hotspot/os/windows/os_windows.cpp:3269), pid=16652, tid=6036
#
# JRE version:  (11.0.2+9) (build )
# Java VM: OpenJDK 64-Bit Server VM (11.0.2+9, mixed mode, aot, sharing, tiered, compressed oops, g1 gc, windows-amd64)
# No core dump will be written. Minidumps are not enabled by default on client versions of Windows
#

---------------  S U M M A R Y ------------

Command Line: -ea -agentlib:jdwp=transport=dt_shmem,address=javadebug -Dfile.encoding=UTF-8 bluej.runtime.ExecServer UTF-8

Host: Intel(R) Core(TM) i5-8400 CPU @ 2.80GHz, 6 cores, 15G,  Windows 10 , 64 bit Build 22000 (10.0.22000.318)
Time: Thu Jan  6 00:37:26 2022 Stredoeurópsky èas (normálny) elapsed time: 0 seconds (0d 0h 0m 0s)

---------------  T H R E A D  ---------------

Current thread (0x000001ac9cc27000):  JavaThread "Unknown thread" [_thread_in_vm, id=6036, stack(0x00000094ec900000,0x00000094eca00000)]

Stack: [0x00000094ec900000,0x00000094eca00000]
Native frames: (J=compiled Java code, j=interpreted, Vv=VM code, C=native code)
V  [jvm.dll+0x63489a]
V  [jvm.dll+0x771f9f]
V  [jvm.dll+0x773648]
V  [jvm.dll+0x773d03]
V  [jvm.dll+0x25eba8]
V  [jvm.dll+0x631d3a]
V  [jvm.dll+0x626775]
V  [jvm.dll+0x313ffc]
V  [jvm.dll+0x313e82]
V  [jvm.dll+0x3196e6]
V  [jvm.dll+0x36579f]
V  [jvm.dll+0x3651c0]
V  [jvm.dll+0x2f0ff8]
V  [jvm.dll+0x2f2156]
V  [jvm.dll+0x74b4f7]
V  [jvm.dll+0x74cc3f]
V  [jvm.dll+0x372609]
V  [jvm.dll+0x731b69]
V  [jvm.dll+0x3e1bad]
V  [jvm.dll+0x3e3e81]
C  [java.exe+0x3607]
C  [java.exe+0x1746c]
C  [KERNEL32.DLL+0x154e0]
C  [ntdll.dll+0x485b]


---------------  P R O C E S S  ---------------

Threads class SMR info:
_java_thread_list=0x000001ac9b236210, length=0, elements={
}

Java Threads: ( => current thread )

Other Threads:
  0x000001ac9cc3d800 GCTaskThread "GC Thread#0" [stack: 0x00000094eca00000,0x00000094ecb00000] [id=948]
  0x000001ac9cc99800 ConcurrentGCThread "G1 Main Marker" [stack: 0x00000094ecb00000,0x00000094ecc00000] [id=16940]
  0x000001ac9cc9d000 ConcurrentGCThread "G1 Conc#0" [stack: 0x00000094ecc00000,0x00000094ecd00000] [id=4912]

[error occurred during error reporting (printing all threads), id 0xc0000005, EXCEPTION_ACCESS_VIOLATION (0xc0000005) at pc=0x00007ffca5f3f5b7]

VM state:not at safepoint (not fully initialized)

VM Mutex/Monitor currently owned by a thread:  ([mutex/lock_event])
[0x000001ac9cc24860] Heap_lock - owner thread: 0x000001ac9cc27000

Heap address: 0x0000000701400000, size: 4076 MB, Compressed Oops mode: Non-zero based: 0x0000000701400000
Narrow klass base: 0x0000000000000000, Narrow klass shift: 0

GC Heap History (0 events):
No events

Deoptimization events (0 events):
No events

Classes redefined (0 events):
No events

Internal exceptions (0 events):
No events

Events (0 events):
No events


Dynamic libraries:
0x00007ff727750000 - 0x00007ff727795000 	C:\Program Files\BlueJ FRI Edition\jdk\bin\java.exe
0x00007ffd21540000 - 0x00007ffd21747000 	C:\WINDOWS\SYSTEM32\ntdll.dll
0x00007ffd206c0000 - 0x00007ffd2077d000 	C:\WINDOWS\System32\KERNEL32.DLL
0x00007ffd1ea90000 - 0x00007ffd1ee04000 	C:\WINDOWS\System32\KERNELBASE.dll
0x00007ffd203e0000 - 0x00007ffd2058c000 	C:\WINDOWS\System32\USER32.dll
0x00007ffd1f300000 - 0x00007ffd1f326000 	C:\WINDOWS\System32\win32u.dll
0x00007ffd214d0000 - 0x00007ffd214f9000 	C:\WINDOWS\System32\GDI32.dll
0x00007ffd1f070000 - 0x00007ffd1f182000 	C:\WINDOWS\System32\gdi32full.dll
0x00007ffd1f330000 - 0x00007ffd1f3cd000 	C:\WINDOWS\System32\msvcp_win.dll
0x00007ffd1ee10000 - 0x00007ffd1ef21000 	C:\WINDOWS\System32\ucrtbase.dll
0x00007ffd0c6f0000 - 0x00007ffd0c995000 	C:\WINDOWS\WinSxS\amd64_microsoft.windows.common-controls_6595b64144ccf1df_6.0.22000.120_none_9d947278b86cc467\COMCTL32.dll
0x00007ffd20190000 - 0x00007ffd20233000 	C:\WINDOWS\System32\msvcrt.dll
0x00007ffd211e0000 - 0x00007ffd21211000 	C:\WINDOWS\System32\IMM32.DLL
0x00007ffd05630000 - 0x00007ffd05646000 	C:\Program Files\BlueJ FRI Edition\jdk\bin\vcruntime140.dll
0x00007ffd01bf0000 - 0x00007ffd01c9a000 	C:\Program Files\BlueJ FRI Edition\jdk\bin\msvcp140.dll
0x00007ffca5c40000 - 0x00007ffca6763000 	C:\Program Files\BlueJ FRI Edition\jdk\bin\server\jvm.dll
0x00007ffd21420000 - 0x00007ffd214cc000 	C:\WINDOWS\System32\ADVAPI32.dll
0x00007ffd210a0000 - 0x00007ffd2113d000 	C:\WINDOWS\System32\sechost.dll
0x00007ffd20590000 - 0x00007ffd206b1000 	C:\WINDOWS\System32\RPCRT4.dll
0x00007ffd1fa50000 - 0x00007ffd1fa58000 	C:\WINDOWS\System32\PSAPI.DLL
0x00007ffd19e10000 - 0x00007ffd19e19000 	C:\WINDOWS\SYSTEM32\WSOCK32.dll
0x00007ffd17490000 - 0x00007ffd174c3000 	C:\WINDOWS\SYSTEM32\WINMM.dll
0x00007ffd19110000 - 0x00007ffd1911a000 	C:\WINDOWS\SYSTEM32\VERSION.dll
0x00007ffd21340000 - 0x00007ffd213af000 	C:\WINDOWS\System32\WS2_32.dll
0x00007ffd1db40000 - 0x00007ffd1db58000 	C:\WINDOWS\SYSTEM32\kernel.appcore.dll
0x00007ffd04880000 - 0x00007ffd04891000 	C:\Program Files\BlueJ FRI Edition\jdk\bin\verify.dll
0x00007ffd128e0000 - 0x00007ffd12b01000 	C:\WINDOWS\SYSTEM32\DBGHELP.DLL
0x00007ffd0a320000 - 0x00007ffd0a351000 	C:\WINDOWS\SYSTEM32\dbgcore.DLL
0x00007ffd1ef30000 - 0x00007ffd1efaf000 	C:\WINDOWS\System32\bcryptPrimitives.dll
0x00007ffd030e0000 - 0x00007ffd03108000 	C:\Program Files\BlueJ FRI Edition\jdk\bin\java.dll
0x00007ffd01bb0000 - 0x00007ffd01be7000 	C:\Program Files\BlueJ FRI Edition\jdk\bin\jdwp.dll
0x00007ffd03b10000 - 0x00007ffd03b26000 	C:\Program Files\BlueJ FRI Edition\jdk\bin\zip.dll
0x00007ffd19260000 - 0x00007ffd1926a000 	C:\Program Files\BlueJ FRI Edition\jdk\bin\jimage.dll

dbghelp: loaded successfully - version: 4.0.5 - missing functions: none
symbol engine: initialized successfully - sym options: 0x614 - pdb path: .;C:\Program Files\BlueJ FRI Edition\jdk\bin;C:\WINDOWS\SYSTEM32;C:\WINDOWS\WinSxS\amd64_microsoft.windows.common-controls_6595b64144ccf1df_6.0.22000.120_none_9d947278b86cc467;C:\Program Files\BlueJ FRI Edition\jdk\bin\server

VM Arguments:
jvm_args: -ea -agentlib:jdwp=transport=dt_shmem,address=javadebug -Dfile.encoding=UTF-8 
java_command: bluej.runtime.ExecServer UTF-8
java_class_path (initial): C:\Program Files\BlueJ FRI Edition\lib\bluejcore.jar;C:\Program Files\BlueJ FRI Edition\lib\junit-4.11.jar;C:\Program Files\BlueJ FRI Edition\lib\hamcrest-core-1.3.jar;C:\Program Files\BlueJ FRI Edition\lib\lang-stride.jar;C:\Program Files\BlueJ FRI Edition\lib\javafx\lib\javafx.base.jar;C:\Program Files\BlueJ FRI Edition\lib\javafx\lib\javafx.controls.jar;C:\Program Files\BlueJ FRI Edition\lib\javafx\lib\javafx.fxml.jar;C:\Program Files\BlueJ FRI Edition\lib\javafx\lib\javafx.graphics.jar;C:\Program Files\BlueJ FRI Edition\lib\javafx\lib\javafx.media.jar;C:\Program Files\BlueJ FRI Edition\lib\javafx\lib\javafx.properties.jar;C:\Program Files\BlueJ FRI Edition\lib\javafx\lib\javafx.swing.jar;C:\Program Files\BlueJ FRI Edition\lib\javafx\lib\javafx.web.jar;C:\Program Files\BlueJ FRI Edition\lib\javafx\lib\javafx.base.jar;C:\Program Files\BlueJ FRI Edition\lib\javafx\lib\javafx.controls.jar;C:\Program Files\BlueJ FRI Edition\lib\javafx\lib\javafx.fxml.jar;C:\Program Files\BlueJ FRI Edition\lib\javafx\lib\javafx.graphics.jar;C:\Program Files\BlueJ FRI Edition\lib\javafx\lib\javafx.media.jar;C:\Program Files\BlueJ FRI Edition\lib\javafx\lib\javafx.properties.jar;C:\Program Files\BlueJ FRI Edition\lib\javafx\lib\javafx.swing.jar;C:\Program Files\BlueJ FRI Edition\lib\javafx\lib\javafx.web.jar
Launcher Type: SUN_STANDARD

[Global flags]
     intx CICompilerCount                          = 3                                         {product} {ergonomic}
     uint ConcGCThreads                            = 2                                         {product} {ergonomic}
     uint G1ConcRefinementThreads                  = 6                                         {product} {ergonomic}
   size_t G1HeapRegionSize                         = 1048576                                   {product} {ergonomic}
    uintx GCDrainStackTargetSize                   = 64                                        {product} {ergonomic}
   size_t InitialHeapSize                          = 268435456                                 {product} {ergonomic}
   size_t MarkStackSize                            = 4194304                                   {product} {ergonomic}
   size_t MaxHeapSize                              = 4273995776                                {product} {ergonomic}
   size_t MinHeapDeltaBytes                        = 1048576                                   {product} {ergonomic}
    uintx NonNMethodCodeHeapSize                   = 5830092                                {pd product} {ergonomic}
    uintx NonProfiledCodeHeapSize                  = 122914074                              {pd product} {ergonomic}
    uintx ProfiledCodeHeapSize                     = 122914074                              {pd product} {ergonomic}
    uintx ReservedCodeCacheSize                    = 251658240                              {pd product} {ergonomic}
     bool SegmentedCodeCache                       = true                                      {product} {ergonomic}
     bool UseCompressedClassPointers               = true                                 {lp64_product} {ergonomic}
     bool UseCompressedOops                        = true                                 {lp64_product} {ergonomic}
     bool UseG1GC                                  = true                                      {product} {ergonomic}
     bool UseLargePagesIndividualAllocation        = false                                  {pd product} {ergonomic}

Logging:
Log output configuration:
 #0: stdout all=warning uptime,level,tags
 #1: stderr all=off uptime,level,tags

Environment Variables:
JAVA_HOME=C:\Program Files\Java\jdk1.8.0_241
PATH=C:\Program Files (x86)\Common Files\Oracle\Java\javapath;C:\Windows\system32;C:\Windows;C:\Windows\System32\Wbem;C:\Windows\System32\WindowsPowerShell\v1.0\;C:\Windows\System32\OpenSSH\;C:\Program Files\NVIDIA Corporation\NVIDIA NvDLISR;C:\Program Files\dotnet\;C:\Program Files\Microsoft SQL Server\130\Tools\Binn\;C:\Program Files\Microsoft SQL Server\Client SDK\ODBC\170\Tools\Binn\;C:\Program Files (x86)\NVIDIA Corporation\PhysX\Common;C:\Program Files\Java\jdk1.8.0_241\bin;;%SystemRoot%\system32;%SystemRoot%;%SystemRoot%\System32\Wbem;%SYSTEMROOT%\System32\WindowsPowerShell\v1.0\;%SYSTEMROOT%\System32\OpenSSH\;C:\Users\simon\AppData\Local\Microsoft\WindowsApps;;C:\Users\simon\AppData\Local\Programs\Microsoft VS Code\bin;C:\Program Files\JetBrains\IntelliJ IDEA Community Edition 2020.1\bin;
USERNAME=simon
OS=Windows_NT
PROCESSOR_IDENTIFIER=Intel64 Family 6 Model 158 Stepping 10, GenuineIntel



---------------  S Y S T E M  ---------------

OS: Windows 10 , 64 bit Build 22000 (10.0.22000.318)

CPU:total 6 (initial active 6) (6 cores per cpu, 1 threads per core) family 6 model 158 stepping 10, cmov, cx8, fxsr, mmx, sse, sse2, sse3, ssse3, sse4.1, sse4.2, popcnt, avx, avx2, aes, clmul, erms, 3dnowpref, lzcnt, tsc, tscinvbit, bmi1, bmi2, adx, fma

Memory: 4k page, system-wide physical 16303M (6623M free)
TotalPageFile size 65455M (AvailPageFile size 65M)
current process WorkingSet (physical memory assigned to process): 10M, peak: 10M
current process commit charge ("private bytes"): 56M, peak: 312M

vm_info: OpenJDK 64-Bit Server VM (11.0.2+9) for windows-amd64 JRE (11.0.2+9), built on Jan 18 2019 05:23:22 by "mach5one" with MS VC++ 15.5 (VS2017)

END.
